<?xml version="1.0" encoding="UTF-8"?>
<testsuite xmlns:xsi="http://www.w3.org/2001/XMLSchema-instance" xsi:noNamespaceSchemaLocation="https://maven.apache.org/surefire/maven-surefire-plugin/xsd/surefire-test-report-3.0.xsd" version="3.0" name="ch.nag.techbrunch.awslambda.HelloApiTest" time="0.287" tests="3" errors="0" skipped="0" failures="0">
  <properties>
[...]
</properties>
  <testcase name="handleRequest_validWeatherData_returnsModifiedWeatherData" classname="ch.nag.techbrunch.awslambda.HelloApiTest" time="0.252"/>
  <testcase name="handleRequest_emptyBody_returnsBadRequest" classname="ch.nag.techbrunch.awslambda.HelloApiTest" time="0.001"/>
  <testcase name="handleRequest_invalidJson_returnsBadRequest" classname="ch.nag.techbrunch.awslambda.HelloApiTest" time="0.001"/>
</testsuite>